# Logfile created on Tue Feb 23 15:03:18 +0700 2010

Processing WikiController#index (for 127.0.0.1 at 2010-02-23 15:03:19) [GET]

ActiveRecord::StatementInvalid (Could not find table 'webs'):
  app/models/wiki.rb:83:in `setup?'
  app/controllers/wiki_controller.rb:20:in `index'
  passenger (2.2.9) lib/phusion_passenger/rack/request_handler.rb:92:in `process_request'
  passenger (2.2.9) lib/phusion_passenger/abstract_request_handler.rb:207:in `main_loop'
  passenger (2.2.9) lib/phusion_passenger/railz/application_spawner.rb:400:in `start_request_handler'
  passenger (2.2.9) lib/phusion_passenger/railz/application_spawner.rb:351:in `handle_spawn_application'
  passenger (2.2.9) lib/phusion_passenger/utils.rb:184:in `safe_fork'
  passenger (2.2.9) lib/phusion_passenger/railz/application_spawner.rb:349:in `handle_spawn_application'
  passenger (2.2.9) lib/phusion_passenger/abstract_server.rb:352:in `__send__'
  passenger (2.2.9) lib/phusion_passenger/abstract_server.rb:352:in `main_loop'
  passenger (2.2.9) lib/phusion_passenger/abstract_server.rb:196:in `start_synchronously'
  passenger (2.2.9) lib/phusion_passenger/abstract_server.rb:163:in `start'
  passenger (2.2.9) lib/phusion_passenger/railz/application_spawner.rb:209:in `start'
  passenger (2.2.9) lib/phusion_passenger/spawn_manager.rb:262:in `spawn_rails_application'
  passenger (2.2.9) lib/phusion_passenger/abstract_server_collection.rb:126:in `lookup_or_add'
  passenger (2.2.9) lib/phusion_passenger/spawn_manager.rb:256:in `spawn_rails_application'
  passenger (2.2.9) lib/phusion_passenger/abstract_server_collection.rb:80:in `synchronize'
  passenger (2.2.9) lib/phusion_passenger/abstract_server_collection.rb:79:in `synchronize'
  passenger (2.2.9) lib/phusion_passenger/spawn_manager.rb:255:in `spawn_rails_application'
  passenger (2.2.9) lib/phusion_passenger/spawn_manager.rb:154:in `spawn_application'
  passenger (2.2.9) lib/phusion_passenger/spawn_manager.rb:287:in `handle_spawn_application'
  passenger (2.2.9) lib/phusion_passenger/abstract_server.rb:352:in `__send__'
  passenger (2.2.9) lib/phusion_passenger/abstract_server.rb:352:in `main_loop'
  passenger (2.2.9) lib/phusion_passenger/abstract_server.rb:196:in `start_synchronously'

Rendered rescues/_trace (115.4ms)
Rendered rescues/_request_and_response (1.7ms)
Rendering rescues/layout (internal_server_error)


Processing WikiController#index (for 127.0.0.1 at 2010-02-23 15:03:29) [GET]
  Parameters: {"web"=>"wikimeubel"}
  [4;36;1mWeb Load (0.0ms)[0m   [0;1mSQLite3::SQLException: no such table: webs: SELECT * FROM "webs" [0m

ActiveRecord::StatementInvalid (SQLite3::SQLException: no such table: webs: SELECT * FROM "webs" ):
  app/models/wiki.rb:87:in `webs'
  app/controllers/application_controller.rb:37:in `connect_to_model'
  passenger (2.2.9) lib/phusion_passenger/rack/request_handler.rb:92:in `process_request'
  passenger (2.2.9) lib/phusion_passenger/abstract_request_handler.rb:207:in `main_loop'
  passenger (2.2.9) lib/phusion_passenger/railz/application_spawner.rb:400:in `start_request_handler'
  passenger (2.2.9) lib/phusion_passenger/railz/application_spawner.rb:351:in `handle_spawn_application'
  passenger (2.2.9) lib/phusion_passenger/utils.rb:184:in `safe_fork'
  passenger (2.2.9) lib/phusion_passenger/railz/application_spawner.rb:349:in `handle_spawn_application'
  passenger (2.2.9) lib/phusion_passenger/abstract_server.rb:352:in `__send__'
  passenger (2.2.9) lib/phusion_passenger/abstract_server.rb:352:in `main_loop'
  passenger (2.2.9) lib/phusion_passenger/abstract_server.rb:196:in `start_synchronously'
  passenger (2.2.9) lib/phusion_passenger/abstract_server.rb:163:in `start'
  passenger (2.2.9) lib/phusion_passenger/railz/application_spawner.rb:209:in `start'
  passenger (2.2.9) lib/phusion_passenger/spawn_manager.rb:262:in `spawn_rails_application'
  passenger (2.2.9) lib/phusion_passenger/abstract_server_collection.rb:126:in `lookup_or_add'
  passenger (2.2.9) lib/phusion_passenger/spawn_manager.rb:256:in `spawn_rails_application'
  passenger (2.2.9) lib/phusion_passenger/abstract_server_collection.rb:80:in `synchronize'
  passenger (2.2.9) lib/phusion_passenger/abstract_server_collection.rb:79:in `synchronize'
  passenger (2.2.9) lib/phusion_passenger/spawn_manager.rb:255:in `spawn_rails_application'
  passenger (2.2.9) lib/phusion_passenger/spawn_manager.rb:154:in `spawn_application'
  passenger (2.2.9) lib/phusion_passenger/spawn_manager.rb:287:in `handle_spawn_application'
  passenger (2.2.9) lib/phusion_passenger/abstract_server.rb:352:in `__send__'
  passenger (2.2.9) lib/phusion_passenger/abstract_server.rb:352:in `main_loop'
  passenger (2.2.9) lib/phusion_passenger/abstract_server.rb:196:in `start_synchronously'

Rendered rescues/_trace (59.6ms)
Rendered rescues/_request_and_response (0.4ms)
Rendering rescues/layout (internal_server_error)
  [4;36;1mSQL (0.1ms)[0m   [0;1mSET NAMES 'utf8'[0m
  [4;35;1mSQL (0.1ms)[0m   [0mSET SQL_AUTO_IS_NULL=0[0m


Processing WikiController#index (for 127.0.0.1 at 2010-02-23 15:05:11) [GET]
  Parameters: {"web"=>"wikimeubel"}
  [4;36;1mWeb Load (0.7ms)[0m   [0;1mSELECT * FROM `webs` [0m
  [4;35;1mWeb Columns (1.2ms)[0m   [0mSHOW FIELDS FROM `webs`[0m
Redirected to http://localhost/wiki/wikimeubel/show/HomePage
Completed in 58ms (DB: 2) | 302 Found [http://localhost/wiki/wikimeubel/]
  [4;36;1mSQL (0.1ms)[0m   [0;1mSET NAMES 'utf8'[0m
  [4;35;1mSQL (0.1ms)[0m   [0mSET SQL_AUTO_IS_NULL=0[0m


Processing WikiController#show (for 127.0.0.1 at 2010-02-23 15:05:11) [GET]
  Parameters: {"id"=>"HomePage", "web"=>"wikimeubel"}
  [4;36;1mWeb Load (0.2ms)[0m   [0;1mSELECT * FROM `webs` [0m
  [4;35;1mWeb Columns (1.1ms)[0m   [0mSHOW FIELDS FROM `webs`[0m
Reading page 'HomePage' from web 'wikimeubel'
  [4;36;1mWeb Load (9.5ms)[0m   [0;1mSELECT * FROM `webs` WHERE (`webs`.`address` = 'wikimeubel') LIMIT 1[0m
  [4;35;1mPage Load (0.4ms)[0m   [0mSELECT * FROM `pages` WHERE (`pages`.web_id = 1 AND (name = 'HomePage')) LIMIT 1[0m
Page 'HomePage' not found
  [4;36;1mSQL (0.7ms)[0m   [0;1mSELECT name FROM pages JOIN wiki_references ON pages.id = wiki_references.page_id WHERE wiki_references.referenced_name = 'HomePage' AND wiki_references.link_type = 'R' AND pages.web_id = '1'[0m
Redirected to http://localhost/wiki/wikimeubel/new/HomePage
Completed in 116ms (DB: 12) | 302 Found [http://localhost/wiki/wikimeubel/show/HomePage]
  [4;35;1mSQL (0.1ms)[0m   [0mSET NAMES 'utf8'[0m
  [4;36;1mSQL (0.1ms)[0m   [0;1mSET SQL_AUTO_IS_NULL=0[0m


Processing WikiController#new (for 127.0.0.1 at 2010-02-23 15:05:12) [GET]
  Parameters: {"id"=>"HomePage", "web"=>"wikimeubel"}
  [4;35;1mWeb Load (1.0ms)[0m   [0mSELECT * FROM `webs` [0m
  [4;36;1mWeb Columns (1.1ms)[0m   [0;1mSHOW FIELDS FROM `webs`[0m
Reading page 'HomePage' from web 'wikimeubel'
  [4;35;1mWeb Load (0.1ms)[0m   [0mSELECT * FROM `webs` WHERE (`webs`.`address` = 'wikimeubel') LIMIT 1[0m
  [4;36;1mPage Load (0.1ms)[0m   [0;1mSELECT * FROM `pages` WHERE (`pages`.web_id = 1 AND (name = 'HomePage')) LIMIT 1[0m
Page 'HomePage' not found
Checking DNSBL 1.0.0.127.bl.spamcop.net
Checking DNSBL 1.0.0.127.sbl-xbl.spamhaus.org
127.0.0.1 added to DNSBL passed cache
Rendering template within layouts/default
Rendering wiki/new
Completed in 18512ms (View: 93, DB: 3) | 200 OK [http://localhost/wiki/wikimeubel/new/HomePage]
  [4;35;1mSQL (0.1ms)[0m   [0mSET NAMES 'utf8'[0m
  [4;36;1mSQL (1.5ms)[0m   [0;1mSET SQL_AUTO_IS_NULL=0[0m


Processing WikiController#save (for 127.0.0.1 at 2010-02-23 15:05:52) [POST]
  Parameters: {"author"=>"home page", "id"=>"HomePage", "_form_key"=>"edf4bd630474a435e66238244d03ca38a17f94f0", "content"=>"*WIki Meubel* \r\n\r\nWIki Meubel adalah sarana ensiklopedia yang membahas tentang deskripsi, spesifikasi, dan sejarah dunia meubel di Indonesia. Mulai dari material dan bahan pembuat meubel sampai jenis dan sejarah dari meubel tersebut. Wiki meubel memberikan kesempatan kepada siapa saja untuk berkontribusi dengan bebaas dan bertanggung jawab..\r\nmari lestarikan budaya meubel Indonesia, *MERDEKA !!!*\r\n\r\n\r\n\r\n_Wiki meubel dikelola oleh KIKM JAKARTA_", "web"=>"wikimeubel"}
  [4;35;1mWeb Load (6.0ms)[0m   [0mSELECT * FROM `webs` [0m
  [4;36;1mWeb Columns (1.3ms)[0m   [0;1mSHOW FIELDS FROM `webs`[0m
Reading page 'HomePage' from web 'wikimeubel'
  [4;35;1mWeb Load (0.2ms)[0m   [0mSELECT * FROM `webs` WHERE (`webs`.`address` = 'wikimeubel') LIMIT 1[0m
  [4;36;1mPage Load (0.1ms)[0m   [0;1mSELECT * FROM `pages` WHERE (`pages`.web_id = 1 AND (name = 'HomePage')) LIMIT 1[0m
Page 'HomePage' not found
127.0.0.1
  [4;35;1mCACHE (0.0ms)[0m   [0mSELECT * FROM `webs` WHERE (`webs`.`address` = 'wikimeubel') LIMIT 1[0m
  [4;36;1mCACHE (0.0ms)[0m   [0;1mSELECT * FROM `pages` WHERE (`pages`.web_id = 1 AND (name = 'HomePage')) LIMIT 1[0m
  [4;35;1mPage Columns (0.9ms)[0m   [0mSHOW FIELDS FROM `pages`[0m
  [4;36;1mRevision Columns (1.6ms)[0m   [0;1mSHOW FIELDS FROM `revisions`[0m
  [4;35;1mWikiReference Delete all (0.3ms)[0m   [0mDELETE FROM `wiki_references` WHERE (page_id = 0) [0m
  [4;36;1mSQL (0.1ms)[0m   [0;1mBEGIN[0m
  [4;35;1mPage Create (0.3ms)[0m   [0mINSERT INTO `pages` (`name`, `created_at`, `locked_by`, `updated_at`, `web_id`, `locked_at`) VALUES('HomePage', '2010-02-23 15:05:52', NULL, '2010-02-23 15:05:52', 1, NULL)[0m
  [4;36;1mRevision Create (0.8ms)[0m   [0;1mINSERT INTO `revisions` (`created_at`, `author`, `updated_at`, `page_id`, `content`, `ip`, `revised_at`) VALUES('2010-02-23 15:05:52', 'home page', '2010-02-23 15:05:52', 1, '*WIki Meubel* \r\n\r\nWIki Meubel adalah sarana ensiklopedia yang membahas tentang deskripsi, spesifikasi, dan sejarah dunia meubel di Indonesia. Mulai dari material dan bahan pembuat meubel sampai jenis dan sejarah dari meubel tersebut. Wiki meubel memberikan kesempatan kepada siapa saja untuk berkontribusi dengan bebaas dan bertanggung jawab..\r\nmari lestarikan budaya meubel Indonesia, *MERDEKA !!!*\r\n\r\n\r\n\r\n_Wiki meubel dikelola oleh KIKM JAKARTA_', '127.0.0.1', '2010-02-23 15:05:52')[0m
  [4;35;1mPage Load (0.3ms)[0m   [0mSELECT * FROM `pages` WHERE (`pages`.`id` = 1) [0m
  [4;36;1mWeb Load (0.2ms)[0m   [0;1mSELECT * FROM `webs` WHERE (`webs`.`id` = 1) [0m
  [4;35;1mWikiReference Load (0.2ms)[0m   [0mSELECT * FROM `wiki_references` WHERE (link_type = 'C') [0m
  [4;36;1mSQL (0.3ms)[0m   [0;1mSELECT name FROM pages JOIN wiki_references ON pages.id = wiki_references.page_id WHERE wiki_references.referenced_name = 'HomePage' AND wiki_references.link_type in ('L', 'W', 'I') AND pages.web_id = '1'[0m
  [4;35;1mPage Load (0.2ms)[0m   [0mSELECT * FROM `pages` WHERE (`pages`.web_id = 1 AND (name = 'HomePage')) LIMIT 1[0m
  [4;36;1mWikiReference Load (0.7ms)[0m   [0;1mSELECT * FROM `wiki_references` WHERE (`wiki_references`.page_id = 1) ORDER BY referenced_name[0m
  [4;35;1mSQL (0.4ms)[0m   [0mSELECT name FROM pages JOIN wiki_references ON pages.id = wiki_references.page_id WHERE wiki_references.referenced_name = 'HomePage' AND wiki_references.link_type = 'I' AND pages.web_id = '1'[0m
  [4;36;1mWikiReference Update (0.2ms)[0m   [0;1mUPDATE `wiki_references` SET link_type = 'L' WHERE (referenced_name = 'HomePage') [0m
  [4;35;1mSQL (51.2ms)[0m   [0mCOMMIT[0m
Redirected to http://localhost/wiki/wikimeubel/show/HomePage
Completed in 546ms (DB: 67) | 302 Found [http://localhost/wiki/wikimeubel/save/HomePage]
  [4;36;1mSQL (6.2ms)[0m   [0;1mSET NAMES 'utf8'[0m
  [4;35;1mSQL (0.5ms)[0m   [0mSET SQL_AUTO_IS_NULL=0[0m


Processing WikiController#show (for 127.0.0.1 at 2010-02-23 15:05:52) [GET]
  Parameters: {"id"=>"HomePage", "web"=>"wikimeubel"}
  [4;36;1mWeb Load (0.2ms)[0m   [0;1mSELECT * FROM `webs` [0m
  [4;35;1mWeb Columns (1.1ms)[0m   [0mSHOW FIELDS FROM `webs`[0m
Reading page 'HomePage' from web 'wikimeubel'
  [4;36;1mWeb Load (0.1ms)[0m   [0;1mSELECT * FROM `webs` WHERE (`webs`.`address` = 'wikimeubel') LIMIT 1[0m
  [4;35;1mPage Load (7.9ms)[0m   [0mSELECT * FROM `pages` WHERE (`pages`.web_id = 1 AND (name = 'HomePage')) LIMIT 1[0m
Page 'HomePage'  found
  [4;36;1mPage Columns (2.7ms)[0m   [0;1mSHOW FIELDS FROM `pages`[0m
  [4;35;1mRevision Load (0.6ms)[0m   [0mSELECT * FROM `revisions` WHERE (`revisions`.page_id = 1) ORDER BY id DESC LIMIT 1[0m
Rendering template within layouts/default
Rendering wiki/page
  [4;36;1mWeb Load (1.3ms)[0m   [0;1mSELECT * FROM `webs` WHERE (`webs`.`id` = 1) [0m
  [4;35;1mRevision Columns (0.9ms)[0m   [0mSHOW FIELDS FROM `revisions`[0m
  [4;36;1mPage Load (0.3ms)[0m   [0;1mSELECT * FROM `pages` WHERE (`pages`.`id` = 1) [0m
  [4;35;1mCACHE (0.0ms)[0m   [0mSELECT * FROM `webs` WHERE (`webs`.`id` = 1) [0m
  [4;36;1mSQL (0.4ms)[0m   [0;1mSELECT count(*) AS count_all FROM `revisions` WHERE (`revisions`.page_id = 1) [0m
  [4;35;1mCACHE (0.0ms)[0m   [0mSELECT * FROM `revisions` WHERE (`revisions`.page_id = 1) ORDER BY id DESC LIMIT 1[0m
  [4;36;1mSQL (0.4ms)[0m   [0;1mSELECT count(*) AS count_all FROM `pages` WHERE (web_id = 1 AND name = 'home page') [0m
  [4;35;1mSQL (0.5ms)[0m   [0mSELECT name FROM pages JOIN wiki_references ON pages.id = wiki_references.page_id WHERE wiki_references.referenced_name = 'home page' AND wiki_references.link_type = 'R' AND pages.web_id = '1'[0m
  [4;36;1mRevision Load (0.4ms)[0m   [0;1mSELECT * FROM `revisions` WHERE (`revisions`.page_id = 1) ORDER BY id[0m
  [4;35;1mPage Load (0.4ms)[0m   [0mSELECT * FROM `pages` WHERE (`pages`.web_id = 1) [0m
  [4;36;1mSQL (0.6ms)[0m   [0;1mSELECT name FROM pages JOIN wiki_references ON pages.id = wiki_references.page_id WHERE wiki_references.referenced_name = 'HomePage' AND wiki_references.link_type in ('L','W') AND pages.web_id = '1'[0m
  [4;35;1mSQL (0.3ms)[0m   [0mSELECT name FROM pages JOIN wiki_references ON pages.id = wiki_references.page_id WHERE wiki_references.referenced_name = 'HomePage' AND wiki_references.link_type = 'I' AND pages.web_id = '1'[0m
Rendered wiki/_inbound_links (9.2ms)
Completed in 305ms (View: 238, DB: 25) | 200 OK [http://localhost/wiki/wikimeubel/show/HomePage]
  [4;36;1mSQL (0.1ms)[0m   [0;1mSET NAMES 'utf8'[0m
  [4;35;1mSQL (0.1ms)[0m   [0mSET SQL_AUTO_IS_NULL=0[0m


Processing WikiController#show (for 127.0.0.1 at 2010-02-23 15:07:19) [GET]
  Parameters: {"id"=>"HomePage", "web"=>"wikimeubel"}
  [4;36;1mWeb Load (0.2ms)[0m   [0;1mSELECT * FROM `webs` [0m
  [4;35;1mWeb Columns (1.1ms)[0m   [0mSHOW FIELDS FROM `webs`[0m
Reading page 'HomePage' from web 'wikimeubel'
  [4;36;1mWeb Load (0.1ms)[0m   [0;1mSELECT * FROM `webs` WHERE (`webs`.`address` = 'wikimeubel') LIMIT 1[0m
  [4;35;1mPage Load (0.1ms)[0m   [0mSELECT * FROM `pages` WHERE (`pages`.web_id = 1 AND (name = 'HomePage')) LIMIT 1[0m
Page 'HomePage'  found
  [4;36;1mPage Columns (0.9ms)[0m   [0;1mSHOW FIELDS FROM `pages`[0m
  [4;35;1mRevision Load (0.1ms)[0m   [0mSELECT * FROM `revisions` WHERE (`revisions`.page_id = 1) ORDER BY id DESC LIMIT 1[0m
Rendering template within layouts/default
Rendering wiki/page
  [4;36;1mWeb Load (0.1ms)[0m   [0;1mSELECT * FROM `webs` WHERE (`webs`.`id` = 1) [0m
  [4;35;1mRevision Columns (0.9ms)[0m   [0mSHOW FIELDS FROM `revisions`[0m
  [4;36;1mPage Load (0.1ms)[0m   [0;1mSELECT * FROM `pages` WHERE (`pages`.`id` = 1) [0m
  [4;35;1mCACHE (0.0ms)[0m   [0mSELECT * FROM `webs` WHERE (`webs`.`id` = 1) [0m
  [4;36;1mSQL (0.1ms)[0m   [0;1mSELECT count(*) AS count_all FROM `revisions` WHERE (`revisions`.page_id = 1) [0m
  [4;35;1mCACHE (0.0ms)[0m   [0mSELECT * FROM `revisions` WHERE (`revisions`.page_id = 1) ORDER BY id DESC LIMIT 1[0m
  [4;36;1mSQL (0.3ms)[0m   [0;1mSELECT count(*) AS count_all FROM `pages` WHERE (web_id = 1 AND name = 'home page') [0m
  [4;35;1mSQL (0.1ms)[0m   [0mSELECT name FROM pages JOIN wiki_references ON pages.id = wiki_references.page_id WHERE wiki_references.referenced_name = 'home page' AND wiki_references.link_type = 'R' AND pages.web_id = '1'[0m
  [4;36;1mRevision Load (0.1ms)[0m   [0;1mSELECT * FROM `revisions` WHERE (`revisions`.page_id = 1) ORDER BY id[0m
  [4;35;1mPage Load (0.1ms)[0m   [0mSELECT * FROM `pages` WHERE (`pages`.web_id = 1) [0m
  [4;36;1mSQL (0.1ms)[0m   [0;1mSELECT name FROM pages JOIN wiki_references ON pages.id = wiki_references.page_id WHERE wiki_references.referenced_name = 'HomePage' AND wiki_references.link_type in ('L','W') AND pages.web_id = '1'[0m
  [4;35;1mSQL (0.1ms)[0m   [0mSELECT name FROM pages JOIN wiki_references ON pages.id = wiki_references.page_id WHERE wiki_references.referenced_name = 'HomePage' AND wiki_references.link_type = 'I' AND pages.web_id = '1'[0m
Rendered wiki/_inbound_links (6.1ms)
Completed in 232ms (View: 193, DB: 5) | 200 OK [http://localhost/wiki/wikimeubel/show/HomePage]
  [4;36;1mSQL (0.1ms)[0m   [0;1mSET NAMES 'utf8'[0m
  [4;35;1mSQL (0.1ms)[0m   [0mSET SQL_AUTO_IS_NULL=0[0m


Processing WikiController#show (for 127.0.0.1 at 2010-02-23 15:07:24) [GET]
  Parameters: {"id"=>"HomePage", "web"=>"wikimeubel"}
  [4;36;1mWeb Load (0.2ms)[0m   [0;1mSELECT * FROM `webs` [0m
  [4;35;1mWeb Columns (1.2ms)[0m   [0mSHOW FIELDS FROM `webs`[0m
Reading page 'HomePage' from web 'wikimeubel'
  [4;36;1mWeb Load (0.2ms)[0m   [0;1mSELECT * FROM `webs` WHERE (`webs`.`address` = 'wikimeubel') LIMIT 1[0m
  [4;35;1mPage Load (0.1ms)[0m   [0mSELECT * FROM `pages` WHERE (`pages`.web_id = 1 AND (name = 'HomePage')) LIMIT 1[0m
Page 'HomePage'  found
  [4;36;1mPage Columns (0.8ms)[0m   [0;1mSHOW FIELDS FROM `pages`[0m
  [4;35;1mRevision Load (0.1ms)[0m   [0mSELECT * FROM `revisions` WHERE (`revisions`.page_id = 1) ORDER BY id DESC LIMIT 1[0m
Rendering template within layouts/default
Rendering wiki/page
  [4;36;1mWeb Load (0.1ms)[0m   [0;1mSELECT * FROM `webs` WHERE (`webs`.`id` = 1) [0m
  [4;35;1mRevision Columns (0.9ms)[0m   [0mSHOW FIELDS FROM `revisions`[0m
  [4;36;1mPage Load (1.3ms)[0m   [0;1mSELECT * FROM `pages` WHERE (`pages`.`id` = 1) [0m
  [4;35;1mCACHE (0.0ms)[0m   [0mSELECT * FROM `webs` WHERE (`webs`.`id` = 1) [0m
  [4;36;1mSQL (6.8ms)[0m   [0;1mSELECT count(*) AS count_all FROM `revisions` WHERE (`revisions`.page_id = 1) [0m
  [4;35;1mCACHE (0.0ms)[0m   [0mSELECT * FROM `revisions` WHERE (`revisions`.page_id = 1) ORDER BY id DESC LIMIT 1[0m
  [4;36;1mSQL (0.5ms)[0m   [0;1mSELECT count(*) AS count_all FROM `pages` WHERE (web_id = 1 AND name = 'home page') [0m
  [4;35;1mSQL (1.6ms)[0m   [0mSELECT name FROM pages JOIN wiki_references ON pages.id = wiki_references.page_id WHERE wiki_references.referenced_name = 'home page' AND wiki_references.link_type = 'R' AND pages.web_id = '1'[0m
  [4;36;1mRevision Load (0.8ms)[0m   [0;1mSELECT * FROM `revisions` WHERE (`revisions`.page_id = 1) ORDER BY id[0m
  [4;35;1mPage Load (0.1ms)[0m   [0mSELECT * FROM `pages` WHERE (`pages`.web_id = 1) [0m
  [4;36;1mSQL (0.1ms)[0m   [0;1mSELECT name FROM pages JOIN wiki_references ON pages.id = wiki_references.page_id WHERE wiki_references.referenced_name = 'HomePage' AND wiki_references.link_type in ('L','W') AND pages.web_id = '1'[0m
  [4;35;1mSQL (0.1ms)[0m   [0mSELECT name FROM pages JOIN wiki_references ON pages.id = wiki_references.page_id WHERE wiki_references.referenced_name = 'HomePage' AND wiki_references.link_type = 'I' AND pages.web_id = '1'[0m
Rendered wiki/_inbound_links (5.9ms)
Completed in 258ms (View: 141, DB: 15) | 200 OK [http://localhost/wiki/wikimeubel/show/HomePage]
  [4;36;1mSQL (0.7ms)[0m   [0;1mSET NAMES 'utf8'[0m
  [4;35;1mSQL (0.2ms)[0m   [0mSET SQL_AUTO_IS_NULL=0[0m


Processing WikiController#show (for 127.0.0.1 at 2010-02-23 20:39:43) [GET]
  Parameters: {"id"=>"HomePage", "web"=>"wikimeubel"}
  [4;36;1mWeb Load (9.0ms)[0m   [0;1mSELECT * FROM `webs` [0m
  [4;35;1mWeb Columns (1.3ms)[0m   [0mSHOW FIELDS FROM `webs`[0m
Reading page 'HomePage' from web 'wikimeubel'
  [4;36;1mWeb Load (0.6ms)[0m   [0;1mSELECT * FROM `webs` WHERE (`webs`.`address` = 'wikimeubel') LIMIT 1[0m
  [4;35;1mPage Load (0.7ms)[0m   [0mSELECT * FROM `pages` WHERE (`pages`.web_id = 1 AND (name = 'HomePage')) LIMIT 1[0m
Page 'HomePage'  found
  [4;36;1mPage Columns (496.1ms)[0m   [0;1mSHOW FIELDS FROM `pages`[0m
  [4;35;1mRevision Load (0.5ms)[0m   [0mSELECT * FROM `revisions` WHERE (`revisions`.page_id = 1) ORDER BY id DESC LIMIT 1[0m
Rendering template within layouts/default
Rendering wiki/page
  [4;36;1mWeb Load (0.4ms)[0m   [0;1mSELECT * FROM `webs` WHERE (`webs`.`id` = 1) [0m
  [4;35;1mRevision Columns (1.1ms)[0m   [0mSHOW FIELDS FROM `revisions`[0m
  [4;36;1mPage Load (26.4ms)[0m   [0;1mSELECT * FROM `pages` WHERE (`pages`.`id` = 1) [0m
  [4;35;1mCACHE (0.0ms)[0m   [0mSELECT * FROM `webs` WHERE (`webs`.`id` = 1) [0m
  [4;36;1mSQL (0.5ms)[0m   [0;1mSELECT count(*) AS count_all FROM `revisions` WHERE (`revisions`.page_id = 1) [0m
  [4;35;1mCACHE (0.0ms)[0m   [0mSELECT * FROM `revisions` WHERE (`revisions`.page_id = 1) ORDER BY id DESC LIMIT 1[0m
  [4;36;1mSQL (0.5ms)[0m   [0;1mSELECT count(*) AS count_all FROM `pages` WHERE (web_id = 1 AND name = 'home page') [0m
  [4;35;1mSQL (16.6ms)[0m   [0mSELECT name FROM pages JOIN wiki_references ON pages.id = wiki_references.page_id WHERE wiki_references.referenced_name = 'home page' AND wiki_references.link_type = 'R' AND pages.web_id = '1'[0m
  [4;36;1mRevision Load (0.5ms)[0m   [0;1mSELECT * FROM `revisions` WHERE (`revisions`.page_id = 1) ORDER BY id[0m
  [4;35;1mPage Load (0.4ms)[0m   [0mSELECT * FROM `pages` WHERE (`pages`.web_id = 1) [0m
  [4;36;1mSQL (0.6ms)[0m   [0;1mSELECT name FROM pages JOIN wiki_references ON pages.id = wiki_references.page_id WHERE wiki_references.referenced_name = 'HomePage' AND wiki_references.link_type in ('L','W') AND pages.web_id = '1'[0m
  [4;35;1mSQL (0.5ms)[0m   [0mSELECT name FROM pages JOIN wiki_references ON pages.id = wiki_references.page_id WHERE wiki_references.referenced_name = 'HomePage' AND wiki_references.link_type = 'I' AND pages.web_id = '1'[0m
Rendered wiki/_inbound_links (42.1ms)
Completed in 5573ms (View: 2394, DB: 556) | 200 OK [http://localhost/wiki/wikimeubel/show/HomePage]
  [4;36;1mSQL (0.2ms)[0m   [0;1mSET NAMES 'utf8'[0m
  [4;35;1mSQL (0.2ms)[0m   [0mSET SQL_AUTO_IS_NULL=0[0m


Processing WikiController#show (for 127.0.0.1 at 2010-02-24 09:39:19) [GET]
  Parameters: {"id"=>"HomePage", "web"=>"wikimeubel"}
  [4;36;1mWeb Load (13.5ms)[0m   [0;1mSELECT * FROM `webs` [0m
  [4;35;1mWeb Columns (1.8ms)[0m   [0mSHOW FIELDS FROM `webs`[0m
Reading page 'HomePage' from web 'wikimeubel'
  [4;36;1mWeb Load (1.4ms)[0m   [0;1mSELECT * FROM `webs` WHERE (`webs`.`address` = 'wikimeubel') LIMIT 1[0m
  [4;35;1mPage Load (2.0ms)[0m   [0mSELECT * FROM `pages` WHERE (`pages`.web_id = 1 AND (name = 'HomePage')) LIMIT 1[0m
Page 'HomePage'  found
  [4;36;1mPage Columns (6.5ms)[0m   [0;1mSHOW FIELDS FROM `pages`[0m
  [4;35;1mRevision Load (0.5ms)[0m   [0mSELECT * FROM `revisions` WHERE (`revisions`.page_id = 1) ORDER BY id DESC LIMIT 1[0m
Rendering template within layouts/default
Rendering wiki/page
  [4;36;1mWeb Load (0.4ms)[0m   [0;1mSELECT * FROM `webs` WHERE (`webs`.`id` = 1) [0m
  [4;35;1mRevision Columns (2.1ms)[0m   [0mSHOW FIELDS FROM `revisions`[0m
  [4;36;1mPage Load (0.4ms)[0m   [0;1mSELECT * FROM `pages` WHERE (`pages`.`id` = 1) [0m
  [4;35;1mCACHE (0.0ms)[0m   [0mSELECT * FROM `webs` WHERE (`webs`.`id` = 1) [0m
  [4;36;1mSQL (0.4ms)[0m   [0;1mSELECT count(*) AS count_all FROM `revisions` WHERE (`revisions`.page_id = 1) [0m
  [4;35;1mCACHE (0.0ms)[0m   [0mSELECT * FROM `revisions` WHERE (`revisions`.page_id = 1) ORDER BY id DESC LIMIT 1[0m
  [4;36;1mSQL (5.2ms)[0m   [0;1mSELECT count(*) AS count_all FROM `pages` WHERE (web_id = 1 AND name = 'home page') [0m
  [4;35;1mSQL (0.6ms)[0m   [0mSELECT name FROM pages JOIN wiki_references ON pages.id = wiki_references.page_id WHERE wiki_references.referenced_name = 'home page' AND wiki_references.link_type = 'R' AND pages.web_id = '1'[0m
  [4;36;1mRevision Load (0.3ms)[0m   [0;1mSELECT * FROM `revisions` WHERE (`revisions`.page_id = 1) ORDER BY id[0m
  [4;35;1mPage Load (0.4ms)[0m   [0mSELECT * FROM `pages` WHERE (`pages`.web_id = 1) [0m
  [4;36;1mSQL (0.4ms)[0m   [0;1mSELECT name FROM pages JOIN wiki_references ON pages.id = wiki_references.page_id WHERE wiki_references.referenced_name = 'HomePage' AND wiki_references.link_type in ('L','W') AND pages.web_id = '1'[0m
  [4;35;1mSQL (0.2ms)[0m   [0mSELECT name FROM pages JOIN wiki_references ON pages.id = wiki_references.page_id WHERE wiki_references.referenced_name = 'HomePage' AND wiki_references.link_type = 'I' AND pages.web_id = '1'[0m
Rendered wiki/_inbound_links (11.0ms)
Completed in 1627ms (View: 1324, DB: 37) | 200 OK [http://localhost/wiki/wikimeubel/show/HomePage]
  [4;36;1mSQL (0.1ms)[0m   [0;1mSET NAMES 'utf8'[0m
  [4;35;1mSQL (0.1ms)[0m   [0mSET SQL_AUTO_IS_NULL=0[0m


Processing WikiController#show (for 127.0.0.1 at 2010-02-24 14:54:42) [GET]
  Parameters: {"id"=>"HomePage", "web"=>"wikimeubel"}
  [4;36;1mWeb Load (0.2ms)[0m   [0;1mSELECT * FROM `webs` [0m
  [4;35;1mWeb Columns (1.8ms)[0m   [0mSHOW FIELDS FROM `webs`[0m
Reading page 'HomePage' from web 'wikimeubel'
  [4;36;1mWeb Load (0.2ms)[0m   [0;1mSELECT * FROM `webs` WHERE (`webs`.`address` = 'wikimeubel') LIMIT 1[0m
  [4;35;1mPage Load (0.1ms)[0m   [0mSELECT * FROM `pages` WHERE (`pages`.web_id = 1 AND (name = 'HomePage')) LIMIT 1[0m
Page 'HomePage'  found
  [4;36;1mPage Columns (0.9ms)[0m   [0;1mSHOW FIELDS FROM `pages`[0m
  [4;35;1mRevision Load (0.1ms)[0m   [0mSELECT * FROM `revisions` WHERE (`revisions`.page_id = 1) ORDER BY id DESC LIMIT 1[0m
Rendering template within layouts/default
Rendering wiki/page
  [4;36;1mWeb Load (0.2ms)[0m   [0;1mSELECT * FROM `webs` WHERE (`webs`.`id` = 1) [0m
  [4;35;1mRevision Columns (0.9ms)[0m   [0mSHOW FIELDS FROM `revisions`[0m
  [4;36;1mPage Load (0.1ms)[0m   [0;1mSELECT * FROM `pages` WHERE (`pages`.`id` = 1) [0m
  [4;35;1mCACHE (0.0ms)[0m   [0mSELECT * FROM `webs` WHERE (`webs`.`id` = 1) [0m
  [4;36;1mSQL (0.1ms)[0m   [0;1mSELECT count(*) AS count_all FROM `revisions` WHERE (`revisions`.page_id = 1) [0m
  [4;35;1mCACHE (0.0ms)[0m   [0mSELECT * FROM `revisions` WHERE (`revisions`.page_id = 1) ORDER BY id DESC LIMIT 1[0m
  [4;36;1mSQL (0.2ms)[0m   [0;1mSELECT count(*) AS count_all FROM `pages` WHERE (web_id = 1 AND name = 'home page') [0m
  [4;35;1mSQL (0.1ms)[0m   [0mSELECT name FROM pages JOIN wiki_references ON pages.id = wiki_references.page_id WHERE wiki_references.referenced_name = 'home page' AND wiki_references.link_type = 'R' AND pages.web_id = '1'[0m
  [4;36;1mRevision Load (0.1ms)[0m   [0;1mSELECT * FROM `revisions` WHERE (`revisions`.page_id = 1) ORDER BY id[0m
  [4;35;1mPage Load (0.1ms)[0m   [0mSELECT * FROM `pages` WHERE (`pages`.web_id = 1) [0m
  [4;36;1mSQL (0.3ms)[0m   [0;1mSELECT name FROM pages JOIN wiki_references ON pages.id = wiki_references.page_id WHERE wiki_references.referenced_name = 'HomePage' AND wiki_references.link_type in ('L','W') AND pages.web_id = '1'[0m
  [4;35;1mSQL (0.1ms)[0m   [0mSELECT name FROM pages JOIN wiki_references ON pages.id = wiki_references.page_id WHERE wiki_references.referenced_name = 'HomePage' AND wiki_references.link_type = 'I' AND pages.web_id = '1'[0m
Rendered wiki/_inbound_links (21.4ms)
Completed in 1356ms (View: 1162, DB: 6) | 200 OK [http://localhost/wiki/wikimeubel/show/HomePage]
  [4;36;1mSQL (0.1ms)[0m   [0;1mSET NAMES 'utf8'[0m
  [4;35;1mSQL (0.1ms)[0m   [0mSET SQL_AUTO_IS_NULL=0[0m


Processing WikiController#show (for 127.0.0.1 at 2010-02-24 14:54:48) [GET]
  Parameters: {"id"=>"HomePage", "web"=>"wikimeubel"}
  [4;36;1mWeb Load (0.2ms)[0m   [0;1mSELECT * FROM `webs` [0m
  [4;35;1mWeb Columns (1.8ms)[0m   [0mSHOW FIELDS FROM `webs`[0m
Reading page 'HomePage' from web 'wikimeubel'
  [4;36;1mWeb Load (0.1ms)[0m   [0;1mSELECT * FROM `webs` WHERE (`webs`.`address` = 'wikimeubel') LIMIT 1[0m
  [4;35;1mPage Load (1.9ms)[0m   [0mSELECT * FROM `pages` WHERE (`pages`.web_id = 1 AND (name = 'HomePage')) LIMIT 1[0m
Page 'HomePage'  found
  [4;36;1mPage Columns (1.4ms)[0m   [0;1mSHOW FIELDS FROM `pages`[0m
  [4;35;1mRevision Load (0.1ms)[0m   [0mSELECT * FROM `revisions` WHERE (`revisions`.page_id = 1) ORDER BY id DESC LIMIT 1[0m
Rendering template within layouts/default
Rendering wiki/page
  [4;36;1mWeb Load (0.1ms)[0m   [0;1mSELECT * FROM `webs` WHERE (`webs`.`id` = 1) [0m
  [4;35;1mRevision Columns (1.0ms)[0m   [0mSHOW FIELDS FROM `revisions`[0m
  [4;36;1mPage Load (0.1ms)[0m   [0;1mSELECT * FROM `pages` WHERE (`pages`.`id` = 1) [0m
  [4;35;1mCACHE (0.0ms)[0m   [0mSELECT * FROM `webs` WHERE (`webs`.`id` = 1) [0m
  [4;36;1mSQL (0.1ms)[0m   [0;1mSELECT count(*) AS count_all FROM `revisions` WHERE (`revisions`.page_id = 1) [0m
  [4;35;1mCACHE (0.0ms)[0m   [0mSELECT * FROM `revisions` WHERE (`revisions`.page_id = 1) ORDER BY id DESC LIMIT 1[0m
  [4;36;1mSQL (1.2ms)[0m   [0;1mSELECT count(*) AS count_all FROM `pages` WHERE (web_id = 1 AND name = 'home page') [0m
  [4;35;1mSQL (0.1ms)[0m   [0mSELECT name FROM pages JOIN wiki_references ON pages.id = wiki_references.page_id WHERE wiki_references.referenced_name = 'home page' AND wiki_references.link_type = 'R' AND pages.web_id = '1'[0m
  [4;36;1mRevision Load (0.1ms)[0m   [0;1mSELECT * FROM `revisions` WHERE (`revisions`.page_id = 1) ORDER BY id[0m
  [4;35;1mPage Load (0.1ms)[0m   [0mSELECT * FROM `pages` WHERE (`pages`.web_id = 1) [0m
  [4;36;1mSQL (0.1ms)[0m   [0;1mSELECT name FROM pages JOIN wiki_references ON pages.id = wiki_references.page_id WHERE wiki_references.referenced_name = 'HomePage' AND wiki_references.link_type in ('L','W') AND pages.web_id = '1'[0m
  [4;35;1mSQL (0.1ms)[0m   [0mSELECT name FROM pages JOIN wiki_references ON pages.id = wiki_references.page_id WHERE wiki_references.referenced_name = 'HomePage' AND wiki_references.link_type = 'I' AND pages.web_id = '1'[0m
Rendered wiki/_inbound_links (5.7ms)
Completed in 189ms (View: 140, DB: 9) | 200 OK [http://localhost/wiki/wikimeubel/show/HomePage]
  [4;36;1mSQL (0.1ms)[0m   [0;1mSET NAMES 'utf8'[0m
  [4;35;1mSQL (0.1ms)[0m   [0mSET SQL_AUTO_IS_NULL=0[0m


Processing WikiController#show (for 127.0.0.1 at 2010-02-24 16:14:17) [GET]
  Parameters: {"id"=>"HomePage", "web"=>"wikimeubel"}
  [4;36;1mWeb Load (1.3ms)[0m   [0;1mSELECT * FROM `webs` [0m
  [4;35;1mWeb Columns (1.1ms)[0m   [0mSHOW FIELDS FROM `webs`[0m
Reading page 'HomePage' from web 'wikimeubel'
  [4;36;1mWeb Load (0.1ms)[0m   [0;1mSELECT * FROM `webs` WHERE (`webs`.`address` = 'wikimeubel') LIMIT 1[0m
  [4;35;1mPage Load (4.7ms)[0m   [0mSELECT * FROM `pages` WHERE (`pages`.web_id = 1 AND (name = 'HomePage')) LIMIT 1[0m
Page 'HomePage'  found
  [4;36;1mPage Columns (1.2ms)[0m   [0;1mSHOW FIELDS FROM `pages`[0m
  [4;35;1mRevision Load (0.1ms)[0m   [0mSELECT * FROM `revisions` WHERE (`revisions`.page_id = 1) ORDER BY id DESC LIMIT 1[0m
Rendering template within layouts/default
Rendering wiki/page
  [4;36;1mWeb Load (0.1ms)[0m   [0;1mSELECT * FROM `webs` WHERE (`webs`.`id` = 1) [0m
  [4;35;1mRevision Columns (2.3ms)[0m   [0mSHOW FIELDS FROM `revisions`[0m
  [4;36;1mPage Load (0.6ms)[0m   [0;1mSELECT * FROM `pages` WHERE (`pages`.`id` = 1) [0m
  [4;35;1mCACHE (0.0ms)[0m   [0mSELECT * FROM `webs` WHERE (`webs`.`id` = 1) [0m
  [4;36;1mSQL (0.6ms)[0m   [0;1mSELECT count(*) AS count_all FROM `revisions` WHERE (`revisions`.page_id = 1) [0m
  [4;35;1mCACHE (0.0ms)[0m   [0mSELECT * FROM `revisions` WHERE (`revisions`.page_id = 1) ORDER BY id DESC LIMIT 1[0m
  [4;36;1mSQL (0.1ms)[0m   [0;1mSELECT count(*) AS count_all FROM `pages` WHERE (web_id = 1 AND name = 'home page') [0m
  [4;35;1mSQL (0.1ms)[0m   [0mSELECT name FROM pages JOIN wiki_references ON pages.id = wiki_references.page_id WHERE wiki_references.referenced_name = 'home page' AND wiki_references.link_type = 'R' AND pages.web_id = '1'[0m
  [4;36;1mRevision Load (0.1ms)[0m   [0;1mSELECT * FROM `revisions` WHERE (`revisions`.page_id = 1) ORDER BY id[0m
  [4;35;1mPage Load (0.1ms)[0m   [0mSELECT * FROM `pages` WHERE (`pages`.web_id = 1) [0m
  [4;36;1mSQL (0.1ms)[0m   [0;1mSELECT name FROM pages JOIN wiki_references ON pages.id = wiki_references.page_id WHERE wiki_references.referenced_name = 'HomePage' AND wiki_references.link_type in ('L','W') AND pages.web_id = '1'[0m
  [4;35;1mSQL (0.1ms)[0m   [0mSELECT name FROM pages JOIN wiki_references ON pages.id = wiki_references.page_id WHERE wiki_references.referenced_name = 'HomePage' AND wiki_references.link_type = 'I' AND pages.web_id = '1'[0m
Rendered wiki/_inbound_links (7.5ms)
Completed in 617ms (View: 532, DB: 13) | 200 OK [http://localhost/wiki/wikimeubel/show/HomePage]
  [4;36;1mSQL (0.1ms)[0m   [0;1mSET NAMES 'utf8'[0m
  [4;35;1mSQL (0.1ms)[0m   [0mSET SQL_AUTO_IS_NULL=0[0m


Processing WikiController#show (for 127.0.0.1 at 2010-02-24 16:55:12) [GET]
  Parameters: {"id"=>"HomePage", "web"=>"wikimeubel"}
  [4;36;1mWeb Load (0.2ms)[0m   [0;1mSELECT * FROM `webs` [0m
  [4;35;1mWeb Columns (1.1ms)[0m   [0mSHOW FIELDS FROM `webs`[0m
Reading page 'HomePage' from web 'wikimeubel'
  [4;36;1mWeb Load (0.1ms)[0m   [0;1mSELECT * FROM `webs` WHERE (`webs`.`address` = 'wikimeubel') LIMIT 1[0m
  [4;35;1mPage Load (0.1ms)[0m   [0mSELECT * FROM `pages` WHERE (`pages`.web_id = 1 AND (name = 'HomePage')) LIMIT 1[0m
Page 'HomePage'  found
  [4;36;1mPage Columns (1.7ms)[0m   [0;1mSHOW FIELDS FROM `pages`[0m
  [4;35;1mRevision Load (0.1ms)[0m   [0mSELECT * FROM `revisions` WHERE (`revisions`.page_id = 1) ORDER BY id DESC LIMIT 1[0m
Rendering template within layouts/default
Rendering wiki/page
  [4;36;1mWeb Load (0.1ms)[0m   [0;1mSELECT * FROM `webs` WHERE (`webs`.`id` = 1) [0m
  [4;35;1mRevision Columns (1.0ms)[0m   [0mSHOW FIELDS FROM `revisions`[0m
  [4;36;1mPage Load (0.1ms)[0m   [0;1mSELECT * FROM `pages` WHERE (`pages`.`id` = 1) [0m
  [4;35;1mCACHE (0.0ms)[0m   [0mSELECT * FROM `webs` WHERE (`webs`.`id` = 1) [0m
  [4;36;1mSQL (0.1ms)[0m   [0;1mSELECT count(*) AS count_all FROM `revisions` WHERE (`revisions`.page_id = 1) [0m
  [4;35;1mCACHE (0.0ms)[0m   [0mSELECT * FROM `revisions` WHERE (`revisions`.page_id = 1) ORDER BY id DESC LIMIT 1[0m
  [4;36;1mSQL (0.1ms)[0m   [0;1mSELECT count(*) AS count_all FROM `pages` WHERE (web_id = 1 AND name = 'home page') [0m
  [4;35;1mSQL (0.1ms)[0m   [0mSELECT name FROM pages JOIN wiki_references ON pages.id = wiki_references.page_id WHERE wiki_references.referenced_name = 'home page' AND wiki_references.link_type = 'R' AND pages.web_id = '1'[0m
  [4;36;1mRevision Load (0.1ms)[0m   [0;1mSELECT * FROM `revisions` WHERE (`revisions`.page_id = 1) ORDER BY id[0m
  [4;35;1mPage Load (0.1ms)[0m   [0mSELECT * FROM `pages` WHERE (`pages`.web_id = 1) [0m
  [4;36;1mSQL (0.1ms)[0m   [0;1mSELECT name FROM pages JOIN wiki_references ON pages.id = wiki_references.page_id WHERE wiki_references.referenced_name = 'HomePage' AND wiki_references.link_type in ('L','W') AND pages.web_id = '1'[0m
  [4;35;1mSQL (0.1ms)[0m   [0mSELECT name FROM pages JOIN wiki_references ON pages.id = wiki_references.page_id WHERE wiki_references.referenced_name = 'HomePage' AND wiki_references.link_type = 'I' AND pages.web_id = '1'[0m
Rendered wiki/_inbound_links (6.7ms)
Completed in 689ms (View: 609, DB: 5) | 200 OK [http://localhost/wiki/wikimeubel/show/HomePage]
  [4;36;1mSQL (0.1ms)[0m   [0;1mSET NAMES 'utf8'[0m
  [4;35;1mSQL (0.1ms)[0m   [0mSET SQL_AUTO_IS_NULL=0[0m


Processing WikiController#show (for 127.0.0.1 at 2010-02-24 21:26:11) [GET]
  Parameters: {"id"=>"HomePage", "web"=>"wikimeubel"}
  [4;36;1mWeb Load (0.2ms)[0m   [0;1mSELECT * FROM `webs` [0m
  [4;35;1mWeb Columns (1.1ms)[0m   [0mSHOW FIELDS FROM `webs`[0m
Reading page 'HomePage' from web 'wikimeubel'
  [4;36;1mWeb Load (0.1ms)[0m   [0;1mSELECT * FROM `webs` WHERE (`webs`.`address` = 'wikimeubel') LIMIT 1[0m
  [4;35;1mPage Load (0.1ms)[0m   [0mSELECT * FROM `pages` WHERE (`pages`.web_id = 1 AND (name = 'HomePage')) LIMIT 1[0m
Page 'HomePage'  found
  [4;36;1mPage Columns (1.0ms)[0m   [0;1mSHOW FIELDS FROM `pages`[0m
  [4;35;1mRevision Load (0.2ms)[0m   [0mSELECT * FROM `revisions` WHERE (`revisions`.page_id = 1) ORDER BY id DESC LIMIT 1[0m
Rendering template within layouts/default
Rendering wiki/page
  [4;36;1mWeb Load (0.1ms)[0m   [0;1mSELECT * FROM `webs` WHERE (`webs`.`id` = 1) [0m
  [4;35;1mRevision Columns (1.3ms)[0m   [0mSHOW FIELDS FROM `revisions`[0m
  [4;36;1mPage Load (0.1ms)[0m   [0;1mSELECT * FROM `pages` WHERE (`pages`.`id` = 1) [0m
  [4;35;1mCACHE (0.0ms)[0m   [0mSELECT * FROM `webs` WHERE (`webs`.`id` = 1) [0m
  [4;36;1mSQL (0.1ms)[0m   [0;1mSELECT count(*) AS count_all FROM `revisions` WHERE (`revisions`.page_id = 1) [0m
  [4;35;1mCACHE (0.0ms)[0m   [0mSELECT * FROM `revisions` WHERE (`revisions`.page_id = 1) ORDER BY id DESC LIMIT 1[0m
  [4;36;1mSQL (0.1ms)[0m   [0;1mSELECT count(*) AS count_all FROM `pages` WHERE (web_id = 1 AND name = 'home page') [0m
  [4;35;1mSQL (0.1ms)[0m   [0mSELECT name FROM pages JOIN wiki_references ON pages.id = wiki_references.page_id WHERE wiki_references.referenced_name = 'home page' AND wiki_references.link_type = 'R' AND pages.web_id = '1'[0m
  [4;36;1mRevision Load (0.1ms)[0m   [0;1mSELECT * FROM `revisions` WHERE (`revisions`.page_id = 1) ORDER BY id[0m
  [4;35;1mPage Load (0.1ms)[0m   [0mSELECT * FROM `pages` WHERE (`pages`.web_id = 1) [0m
  [4;36;1mSQL (0.1ms)[0m   [0;1mSELECT name FROM pages JOIN wiki_references ON pages.id = wiki_references.page_id WHERE wiki_references.referenced_name = 'HomePage' AND wiki_references.link_type in ('L','W') AND pages.web_id = '1'[0m
  [4;35;1mSQL (0.1ms)[0m   [0mSELECT name FROM pages JOIN wiki_references ON pages.id = wiki_references.page_id WHERE wiki_references.referenced_name = 'HomePage' AND wiki_references.link_type = 'I' AND pages.web_id = '1'[0m
Rendered wiki/_inbound_links (6.7ms)
Completed in 667ms (View: 593, DB: 5) | 200 OK [http://localhost/wiki/wikimeubel/show/HomePage]
  [4;36;1mSQL (0.1ms)[0m   [0;1mSET NAMES 'utf8'[0m
  [4;35;1mSQL (0.2ms)[0m   [0mSET SQL_AUTO_IS_NULL=0[0m


Processing WikiController#show (for 127.0.0.1 at 2010-02-24 22:50:42) [GET]
  Parameters: {"id"=>"HomePage", "web"=>"wikimeubel"}
  [4;36;1mWeb Load (1.0ms)[0m   [0;1mSELECT * FROM `webs` [0m
  [4;35;1mWeb Columns (2.7ms)[0m   [0mSHOW FIELDS FROM `webs`[0m
Reading page 'HomePage' from web 'wikimeubel'
  [4;36;1mWeb Load (0.5ms)[0m   [0;1mSELECT * FROM `webs` WHERE (`webs`.`address` = 'wikimeubel') LIMIT 1[0m
  [4;35;1mPage Load (1.3ms)[0m   [0mSELECT * FROM `pages` WHERE (`pages`.web_id = 1 AND (name = 'HomePage')) LIMIT 1[0m
Page 'HomePage'  found
  [4;36;1mPage Columns (1.1ms)[0m   [0;1mSHOW FIELDS FROM `pages`[0m
  [4;35;1mRevision Load (2.2ms)[0m   [0mSELECT * FROM `revisions` WHERE (`revisions`.page_id = 1) ORDER BY id DESC LIMIT 1[0m
Rendering template within layouts/default
Rendering wiki/page
  [4;36;1mWeb Load (21.7ms)[0m   [0;1mSELECT * FROM `webs` WHERE (`webs`.`id` = 1) [0m
  [4;35;1mRevision Columns (3.2ms)[0m   [0mSHOW FIELDS FROM `revisions`[0m
  [4;36;1mPage Load (0.5ms)[0m   [0;1mSELECT * FROM `pages` WHERE (`pages`.`id` = 1) [0m
  [4;35;1mCACHE (0.0ms)[0m   [0mSELECT * FROM `webs` WHERE (`webs`.`id` = 1) [0m
  [4;36;1mSQL (0.4ms)[0m   [0;1mSELECT count(*) AS count_all FROM `revisions` WHERE (`revisions`.page_id = 1) [0m
  [4;35;1mCACHE (0.0ms)[0m   [0mSELECT * FROM `revisions` WHERE (`revisions`.page_id = 1) ORDER BY id DESC LIMIT 1[0m
  [4;36;1mSQL (2.1ms)[0m   [0;1mSELECT count(*) AS count_all FROM `pages` WHERE (web_id = 1 AND name = 'home page') [0m
  [4;35;1mSQL (1.6ms)[0m   [0mSELECT name FROM pages JOIN wiki_references ON pages.id = wiki_references.page_id WHERE wiki_references.referenced_name = 'home page' AND wiki_references.link_type = 'R' AND pages.web_id = '1'[0m
  [4;36;1mRevision Load (0.5ms)[0m   [0;1mSELECT * FROM `revisions` WHERE (`revisions`.page_id = 1) ORDER BY id[0m
  [4;35;1mPage Load (1.7ms)[0m   [0mSELECT * FROM `pages` WHERE (`pages`.web_id = 1) [0m
  [4;36;1mSQL (0.4ms)[0m   [0;1mSELECT name FROM pages JOIN wiki_references ON pages.id = wiki_references.page_id WHERE wiki_references.referenced_name = 'HomePage' AND wiki_references.link_type in ('L','W') AND pages.web_id = '1'[0m
  [4;35;1mSQL (0.3ms)[0m   [0mSELECT name FROM pages JOIN wiki_references ON pages.id = wiki_references.page_id WHERE wiki_references.referenced_name = 'HomePage' AND wiki_references.link_type = 'I' AND pages.web_id = '1'[0m
Rendered wiki/_inbound_links (36.4ms)
Completed in 1636ms (View: 1394, DB: 42) | 200 OK [http://localhost/wiki/wikimeubel/show/HomePage]
